<?xml version="1.0" encoding="UTF-8"?>
<Site BuildName="Win32-mingw32-make"
	BuildStamp="20220512-0731-Experimental"
	Name="DESKTOP-I52R5QN"
	Generator="ctest-3.23.1"
	CompilerName="C:/MinGW/bin/g++.exe"
	CompilerVersion="6.3.0"
	OSName="Windows"
	Hostname="DESKTOP-I52R5QN"
	OSRelease=" Professional"
	OSVersion=" (Build 22000)"
	OSPlatform="AMD64"
	Is64Bits="1"
	VendorString="AuthenticAMD"
	VendorID="Advanced Micro Devices"
	FamilyID="15"
	ModelID="8"
	ProcessorCacheSize="96"
	NumberOfLogicalCPU="16"
	NumberOfPhysicalCPU="8"
	TotalVirtualMemory="32215"
	TotalPhysicalMemory="16332"
	LogicalProcessorsPerPhysical="2"
	ProcessorClockFrequency="3193"
	>
	<Testing>
		<StartDateTime>May 12 09:31 ?rodkowoeuropejski czas letni</StartDateTime>
		<StartTestTime>1652340712</StartTestTime>
		<TestList/>
		<EndDateTime>May 12 09:31 ?rodkowoeuropejski czas letni</EndDateTime>
		<EndTestTime>1652340712</EndTestTime>
		<ElapsedMinutes>0</ElapsedMinutes>
	</Testing>
</Site>
